<?xml version="1.0" encoding="UTF-8"?>
<testng-results ignored="0" total="1" passed="1" failed="0" skipped="0">
  <reporter-output>
  </reporter-output>
  <suite started-at="2025-07-24T18:04:48 IST" name="Shop Suite" finished-at="2025-07-24T18:04:53 IST" duration-ms="4818">
    <groups>
    </groups>
    <test started-at="2025-07-24T18:04:48 IST" name="Shop Tests" finished-at="2025-07-24T18:04:53 IST" duration-ms="4818">
      <class name="com.amazon.testscript.TabletsTest">
        <test-method signature="testExtractTabletData()[pri:0, instance:com.amazon.testscript.TabletsTest@74fe5c40]" started-at="2025-07-24T18:04:48 IST" name="testExtractTabletData" finished-at="2025-07-24T18:04:53 IST" duration-ms="4677" status="PASS">
          <reporter-output>
          </reporter-output>
        </test-method> <!-- testExtractTabletData -->
      </class> <!-- com.amazon.testscript.TabletsTest -->
    </test> <!-- Shop Tests -->
  </suite> <!-- Shop Suite -->
</testng-results>
